[debug] [2025-12-05T01:00:51.152Z] ----------------------------------------------------------------------
[debug] [2025-12-05T01:00:51.155Z] Command:       /home/arinze/.nvm/versions/node/v24.11.1/bin/node /home/arinze/.nvm/versions/node/v24.11.1/bin/firebase emulators:start --only functions
[debug] [2025-12-05T01:00:51.155Z] CLI Version:   14.27.0
[debug] [2025-12-05T01:00:51.155Z] Platform:      linux
[debug] [2025-12-05T01:00:51.155Z] Node Version:  v24.11.1
[debug] [2025-12-05T01:00:51.155Z] Time:          Fri Dec 05 2025 02:00:51 GMT+0100 (West Africa Standard Time)
[debug] [2025-12-05T01:00:51.155Z] ----------------------------------------------------------------------
[debug] 
[debug] [2025-12-05T01:00:51.319Z] > command requires scopes: ["email","openid","https://www.googleapis.com/auth/cloudplatformprojects.readonly","https://www.googleapis.com/auth/firebase","https://www.googleapis.com/auth/cloud-platform"]
[debug] [2025-12-05T01:00:51.319Z] > authorizing via signed-in user (everythingshelter.com.ng@gmail.com)
[info] i  emulators: Starting emulators: functions {"metadata":{"emulator":{"name":"hub"},"message":"Starting emulators: functions"}}
[debug] [2025-12-05T01:00:51.330Z] [logging] Logging Emulator only supports listening on one address (127.0.0.1). Not listening on ::1
[debug] [2025-12-05T01:00:51.331Z] assigned listening specs for emulators {"user":{"hub":[{"address":"127.0.0.1","family":"IPv4","port":4400},{"address":"::1","family":"IPv6","port":4400}],"ui":[{"address":"127.0.0.1","family":"IPv4","port":4000},{"address":"::1","family":"IPv6","port":4000}],"logging":[{"address":"127.0.0.1","family":"IPv4","port":4500}]},"metadata":{"message":"assigned listening specs for emulators"}}
[debug] [2025-12-05T01:00:51.334Z] Emulator locator file path: /tmp/hub-ishelter1122.json
[debug] [2025-12-05T01:00:51.335Z] [hub] writing locator at /tmp/hub-ishelter1122.json
[debug] [2025-12-05T01:00:51.352Z] [functions] Functions Emulator only supports listening on one address (127.0.0.1). Not listening on ::1
[debug] [2025-12-05T01:00:51.352Z] [eventarc] Eventarc Emulator only supports listening on one address (127.0.0.1). Not listening on ::1
[debug] [2025-12-05T01:00:51.352Z] [tasks] Cloud Tasks Emulator only supports listening on one address (127.0.0.1). Not listening on ::1
[debug] [2025-12-05T01:00:51.352Z] late-assigned ports for functions and eventarc emulators {"user":{"hub":[{"address":"127.0.0.1","family":"IPv4","port":4400},{"address":"::1","family":"IPv6","port":4400}],"ui":[{"address":"127.0.0.1","family":"IPv4","port":4000},{"address":"::1","family":"IPv6","port":4000}],"logging":[{"address":"127.0.0.1","family":"IPv4","port":4500}],"functions":[{"address":"127.0.0.1","family":"IPv4","port":5001}],"eventarc":[{"address":"127.0.0.1","family":"IPv4","port":9299}],"tasks":[{"address":"127.0.0.1","family":"IPv4","port":9499}]},"metadata":{"message":"late-assigned ports for functions and eventarc emulators"}}
[warn] ⚠  functions: The following emulators are not running, calls to these services from the Functions emulator will affect production: apphosting, auth, firestore, database, hosting, pubsub, storage, dataconnect {"metadata":{"emulator":{"name":"functions"},"message":"The following emulators are not running, calls to these services from the Functions emulator will affect production: \u001b[1mapphosting, auth, firestore, database, hosting, pubsub, storage, dataconnect\u001b[22m"}}
[debug] [2025-12-05T01:00:51.517Z] defaultcredentials: writing to file /home/arinze/.config/firebase/everythingshelter_com.ng_gmail.com_application_default_credentials.json
[debug] [2025-12-05T01:00:51.518Z] Setting GAC to /home/arinze/.config/firebase/everythingshelter_com.ng_gmail.com_application_default_credentials.json {"metadata":{"emulator":{"name":"functions"},"message":"Setting GAC to /home/arinze/.config/firebase/everythingshelter_com.ng_gmail.com_application_default_credentials.json"}}
[debug] [2025-12-05T01:00:51.519Z] Checked if tokens are valid: true, expires at: 1764899679077
[debug] [2025-12-05T01:00:51.519Z] Checked if tokens are valid: true, expires at: 1764899679077
[debug] [2025-12-05T01:00:51.520Z] >>> [apiv2][query] GET https://firebase.googleapis.com/v1beta1/projects/ishelter1122/adminSdkConfig [none]
[debug] [2025-12-05T01:00:52.534Z] <<< [apiv2][status] GET https://firebase.googleapis.com/v1beta1/projects/ishelter1122/adminSdkConfig 200
[debug] [2025-12-05T01:00:52.534Z] <<< [apiv2][body] GET https://firebase.googleapis.com/v1beta1/projects/ishelter1122/adminSdkConfig {"projectId":"ishelter1122","storageBucket":"ishelter1122.firebasestorage.app"}
[info] i  ui: downloading ui-v1.15.0.zip... {"metadata":{"emulator":{"name":"ui"},"message":"downloading ui-v1.15.0.zip..."}}
[debug] [2025-12-05T01:00:52.577Z] >>> [apiv2][query] GET https://storage.googleapis.com/firebase-preview-drop/emulator/ui-v1.15.0.zip 
[debug] [2025-12-05T01:00:53.208Z] <<< [apiv2][status] GET https://storage.googleapis.com/firebase-preview-drop/emulator/ui-v1.15.0.zip 200
[debug] [2025-12-05T01:00:53.208Z] <<< [apiv2][body] GET https://storage.googleapis.com/firebase-preview-drop/emulator/ui-v1.15.0.zip [stream]
[debug] [2025-12-05T01:00:55.043Z] Data is 3538469
[debug] [2025-12-05T01:00:55.043Z] [unzip] Entry: client/ (compressed_size=0 bytes, uncompressed_size=0 bytes)
[debug] [2025-12-05T01:00:55.043Z] [unzip] Processing entry: client/
[debug] [2025-12-05T01:00:55.043Z] [unzip] mkdir: /home/arinze/.cache/firebase/emulators/ui-v1.15.0/client/
[debug] [2025-12-05T01:00:55.044Z] [unzip] Entry: client/favicon-16x16.png (compressed_size=293 bytes, uncompressed_size=293 bytes)
[debug] [2025-12-05T01:00:55.044Z] [unzip] Processing entry: client/favicon-16x16.png
[debug] [2025-12-05T01:00:55.044Z] [unzip] else mkdir: /home/arinze/.cache/firebase/emulators/ui-v1.15.0/client
[debug] [2025-12-05T01:00:55.044Z] [unzip] Writing file: /home/arinze/.cache/firebase/emulators/ui-v1.15.0/client/favicon-16x16.png
[debug] [2025-12-05T01:00:55.045Z] [unzip] Entry: client/safari-pinned-tab.svg (compressed_size=1433 bytes, uncompressed_size=2611 bytes)
[debug] [2025-12-05T01:00:55.045Z] [unzip] Processing entry: client/safari-pinned-tab.svg
[debug] [2025-12-05T01:00:55.045Z] [unzip] else mkdir: /home/arinze/.cache/firebase/emulators/ui-v1.15.0/client
[debug] [2025-12-05T01:00:55.045Z] [unzip] deflating: /home/arinze/.cache/firebase/emulators/ui-v1.15.0/client/safari-pinned-tab.svg
[debug] [2025-12-05T01:00:55.049Z] [unzip] Entry: client/favicon.ico (compressed_size=2933 bytes, uncompressed_size=13294 bytes)
[debug] [2025-12-05T01:00:55.049Z] [unzip] Processing entry: client/favicon.ico
[debug] [2025-12-05T01:00:55.049Z] [unzip] else mkdir: /home/arinze/.cache/firebase/emulators/ui-v1.15.0/client
[debug] [2025-12-05T01:00:55.049Z] [unzip] deflating: /home/arinze/.cache/firebase/emulators/ui-v1.15.0/client/favicon.ico
[debug] [2025-12-05T01:00:55.050Z] [unzip] Entry: client/index.html (compressed_size=1364 bytes, uncompressed_size=3071 bytes)
[debug] [2025-12-05T01:00:55.051Z] [unzip] Processing entry: client/index.html
[debug] [2025-12-05T01:00:55.051Z] [unzip] else mkdir: /home/arinze/.cache/firebase/emulators/ui-v1.15.0/client
[debug] [2025-12-05T01:00:55.051Z] [unzip] deflating: /home/arinze/.cache/firebase/emulators/ui-v1.15.0/client/index.html
[debug] [2025-12-05T01:00:55.052Z] [unzip] Entry: client/android-chrome-192x192.png (compressed_size=2684 bytes, uncompressed_size=2684 bytes)
[debug] [2025-12-05T01:00:55.052Z] [unzip] Processing entry: client/android-chrome-192x192.png
[debug] [2025-12-05T01:00:55.052Z] [unzip] else mkdir: /home/arinze/.cache/firebase/emulators/ui-v1.15.0/client
[debug] [2025-12-05T01:00:55.052Z] [unzip] Writing file: /home/arinze/.cache/firebase/emulators/ui-v1.15.0/client/android-chrome-192x192.png
[debug] [2025-12-05T01:00:55.052Z] [unzip] Entry: client/apple-touch-icon.png (compressed_size=2123 bytes, uncompressed_size=2152 bytes)
[debug] [2025-12-05T01:00:55.052Z] [unzip] Processing entry: client/apple-touch-icon.png
[debug] [2025-12-05T01:00:55.053Z] [unzip] else mkdir: /home/arinze/.cache/firebase/emulators/ui-v1.15.0/client
[debug] [2025-12-05T01:00:55.053Z] [unzip] deflating: /home/arinze/.cache/firebase/emulators/ui-v1.15.0/client/apple-touch-icon.png
[debug] [2025-12-05T01:00:55.054Z] [unzip] Entry: client/android-chrome-512x512.png (compressed_size=5369 bytes, uncompressed_size=5411 bytes)
[debug] [2025-12-05T01:00:55.054Z] [unzip] Processing entry: client/android-chrome-512x512.png
[debug] [2025-12-05T01:00:55.054Z] [unzip] else mkdir: /home/arinze/.cache/firebase/emulators/ui-v1.15.0/client
[debug] [2025-12-05T01:00:55.055Z] [unzip] deflating: /home/arinze/.cache/firebase/emulators/ui-v1.15.0/client/android-chrome-512x512.png
[debug] [2025-12-05T01:00:55.056Z] [unzip] Entry: client/manifest.json (compressed_size=245 bytes, uncompressed_size=551 bytes)
[debug] [2025-12-05T01:00:55.056Z] [unzip] Processing entry: client/manifest.json
[debug] [2025-12-05T01:00:55.056Z] [unzip] else mkdir: /home/arinze/.cache/firebase/emulators/ui-v1.15.0/client
[debug] [2025-12-05T01:00:55.056Z] [unzip] deflating: /home/arinze/.cache/firebase/emulators/ui-v1.15.0/client/manifest.json
[debug] [2025-12-05T01:00:55.057Z] [unzip] Entry: client/robots.txt (compressed_size=26 bytes, uncompressed_size=26 bytes)
[debug] [2025-12-05T01:00:55.057Z] [unzip] Processing entry: client/robots.txt
[debug] [2025-12-05T01:00:55.057Z] [unzip] else mkdir: /home/arinze/.cache/firebase/emulators/ui-v1.15.0/client
[debug] [2025-12-05T01:00:55.057Z] [unzip] Writing file: /home/arinze/.cache/firebase/emulators/ui-v1.15.0/client/robots.txt
[debug] [2025-12-05T01:00:55.057Z] [unzip] Entry: client/mstile-150x150.png (compressed_size=2034 bytes, uncompressed_size=2034 bytes)
[debug] [2025-12-05T01:00:55.058Z] [unzip] Processing entry: client/mstile-150x150.png
[debug] [2025-12-05T01:00:55.058Z] [unzip] else mkdir: /home/arinze/.cache/firebase/emulators/ui-v1.15.0/client
[debug] [2025-12-05T01:00:55.058Z] [unzip] Writing file: /home/arinze/.cache/firebase/emulators/ui-v1.15.0/client/mstile-150x150.png
[debug] [2025-12-05T01:00:55.058Z] [unzip] Entry: client/assets/ (compressed_size=0 bytes, uncompressed_size=0 bytes)
[debug] [2025-12-05T01:00:55.058Z] [unzip] Processing entry: client/assets/
[debug] [2025-12-05T01:00:55.058Z] [unzip] mkdir: /home/arinze/.cache/firebase/emulators/ui-v1.15.0/client/assets/
[debug] [2025-12-05T01:00:55.059Z] [unzip] Entry: client/assets/index-BX-A56oj.js (compressed_size=582089 bytes, uncompressed_size=2092775 bytes)
[debug] [2025-12-05T01:00:55.059Z] [unzip] Processing entry: client/assets/index-BX-A56oj.js
[debug] [2025-12-05T01:00:55.059Z] [unzip] else mkdir: /home/arinze/.cache/firebase/emulators/ui-v1.15.0/client/assets
[debug] [2025-12-05T01:00:55.059Z] [unzip] deflating: /home/arinze/.cache/firebase/emulators/ui-v1.15.0/client/assets/index-BX-A56oj.js
[debug] [2025-12-05T01:00:55.083Z] [unzip] Entry: client/assets/index-CjB9C900.css (compressed_size=35979 bytes, uncompressed_size=298654 bytes)
[debug] [2025-12-05T01:00:55.083Z] [unzip] Processing entry: client/assets/index-CjB9C900.css
[debug] [2025-12-05T01:00:55.083Z] [unzip] else mkdir: /home/arinze/.cache/firebase/emulators/ui-v1.15.0/client/assets
[debug] [2025-12-05T01:00:55.083Z] [unzip] deflating: /home/arinze/.cache/firebase/emulators/ui-v1.15.0/client/assets/index-CjB9C900.css
[debug] [2025-12-05T01:00:55.086Z] [unzip] Entry: client/assets/index-BX-A56oj.js.map (compressed_size=2362482 bytes, uncompressed_size=10036679 bytes)
[debug] [2025-12-05T01:00:55.086Z] [unzip] Processing entry: client/assets/index-BX-A56oj.js.map
[debug] [2025-12-05T01:00:55.086Z] [unzip] else mkdir: /home/arinze/.cache/firebase/emulators/ui-v1.15.0/client/assets
[debug] [2025-12-05T01:00:55.086Z] [unzip] deflating: /home/arinze/.cache/firebase/emulators/ui-v1.15.0/client/assets/index-BX-A56oj.js.map
[debug] [2025-12-05T01:00:55.137Z] [unzip] Entry: client/assets/extensions/ (compressed_size=0 bytes, uncompressed_size=0 bytes)
[debug] [2025-12-05T01:00:55.137Z] [unzip] Processing entry: client/assets/extensions/
[debug] [2025-12-05T01:00:55.137Z] [unzip] mkdir: /home/arinze/.cache/firebase/emulators/ui-v1.15.0/client/assets/extensions/
[debug] [2025-12-05T01:00:55.137Z] [unzip] Entry: client/assets/extensions/default-extension.png (compressed_size=1646 bytes, uncompressed_size=1657 bytes)
[debug] [2025-12-05T01:00:55.137Z] [unzip] Processing entry: client/assets/extensions/default-extension.png
[debug] [2025-12-05T01:00:55.137Z] [unzip] else mkdir: /home/arinze/.cache/firebase/emulators/ui-v1.15.0/client/assets/extensions
[debug] [2025-12-05T01:00:55.138Z] [unzip] deflating: /home/arinze/.cache/firebase/emulators/ui-v1.15.0/client/assets/extensions/default-extension.png
[debug] [2025-12-05T01:00:55.138Z] [unzip] Entry: client/assets/img/ (compressed_size=0 bytes, uncompressed_size=0 bytes)
[debug] [2025-12-05T01:00:55.138Z] [unzip] Processing entry: client/assets/img/
[debug] [2025-12-05T01:00:55.138Z] [unzip] mkdir: /home/arinze/.cache/firebase/emulators/ui-v1.15.0/client/assets/img/
[debug] [2025-12-05T01:00:55.139Z] [unzip] Entry: client/assets/img/database.png (compressed_size=29449 bytes, uncompressed_size=29988 bytes)
[debug] [2025-12-05T01:00:55.139Z] [unzip] Processing entry: client/assets/img/database.png
[debug] [2025-12-05T01:00:55.139Z] [unzip] else mkdir: /home/arinze/.cache/firebase/emulators/ui-v1.15.0/client/assets/img
[debug] [2025-12-05T01:00:55.139Z] [unzip] deflating: /home/arinze/.cache/firebase/emulators/ui-v1.15.0/client/assets/img/database.png
[debug] [2025-12-05T01:00:55.140Z] [unzip] Entry: client/assets/provider-icons/ (compressed_size=0 bytes, uncompressed_size=0 bytes)
[debug] [2025-12-05T01:00:55.140Z] [unzip] Processing entry: client/assets/provider-icons/
[debug] [2025-12-05T01:00:55.140Z] [unzip] mkdir: /home/arinze/.cache/firebase/emulators/ui-v1.15.0/client/assets/provider-icons/
[debug] [2025-12-05T01:00:55.140Z] [unzip] Entry: client/assets/provider-icons/auth_service_saml.svg (compressed_size=575 bytes, uncompressed_size=1226 bytes)
[debug] [2025-12-05T01:00:55.140Z] [unzip] Processing entry: client/assets/provider-icons/auth_service_saml.svg
[debug] [2025-12-05T01:00:55.140Z] [unzip] else mkdir: /home/arinze/.cache/firebase/emulators/ui-v1.15.0/client/assets/provider-icons
[debug] [2025-12-05T01:00:55.140Z] [unzip] deflating: /home/arinze/.cache/firebase/emulators/ui-v1.15.0/client/assets/provider-icons/auth_service_saml.svg
[debug] [2025-12-05T01:00:55.141Z] [unzip] Entry: client/assets/provider-icons/auth_service_phone.svg (compressed_size=261 bytes, uncompressed_size=414 bytes)
[debug] [2025-12-05T01:00:55.141Z] [unzip] Processing entry: client/assets/provider-icons/auth_service_phone.svg
[debug] [2025-12-05T01:00:55.141Z] [unzip] else mkdir: /home/arinze/.cache/firebase/emulators/ui-v1.15.0/client/assets/provider-icons
[debug] [2025-12-05T01:00:55.141Z] [unzip] deflating: /home/arinze/.cache/firebase/emulators/ui-v1.15.0/client/assets/provider-icons/auth_service_phone.svg
[debug] [2025-12-05T01:00:55.141Z] [unzip] Entry: client/assets/provider-icons/auth_service_facebook.svg (compressed_size=289 bytes, uncompressed_size=457 bytes)
[debug] [2025-12-05T01:00:55.142Z] [unzip] Processing entry: client/assets/provider-icons/auth_service_facebook.svg
[debug] [2025-12-05T01:00:55.142Z] [unzip] else mkdir: /home/arinze/.cache/firebase/emulators/ui-v1.15.0/client/assets/provider-icons
[debug] [2025-12-05T01:00:55.142Z] [unzip] deflating: /home/arinze/.cache/firebase/emulators/ui-v1.15.0/client/assets/provider-icons/auth_service_facebook.svg
[debug] [2025-12-05T01:00:55.142Z] [unzip] Entry: client/assets/provider-icons/auth_service_game_center.svg (compressed_size=991 bytes, uncompressed_size=3921 bytes)
[debug] [2025-12-05T01:00:55.142Z] [unzip] Processing entry: client/assets/provider-icons/auth_service_game_center.svg
[debug] [2025-12-05T01:00:55.142Z] [unzip] else mkdir: /home/arinze/.cache/firebase/emulators/ui-v1.15.0/client/assets/provider-icons
[debug] [2025-12-05T01:00:55.142Z] [unzip] deflating: /home/arinze/.cache/firebase/emulators/ui-v1.15.0/client/assets/provider-icons/auth_service_game_center.svg
[debug] [2025-12-05T01:00:55.143Z] [unzip] Entry: client/assets/provider-icons/auth_service_apple.svg (compressed_size=230 bytes, uncompressed_size=334 bytes)
[debug] [2025-12-05T01:00:55.143Z] [unzip] Processing entry: client/assets/provider-icons/auth_service_apple.svg
[debug] [2025-12-05T01:00:55.143Z] [unzip] else mkdir: /home/arinze/.cache/firebase/emulators/ui-v1.15.0/client/assets/provider-icons
[debug] [2025-12-05T01:00:55.143Z] [unzip] deflating: /home/arinze/.cache/firebase/emulators/ui-v1.15.0/client/assets/provider-icons/auth_service_apple.svg
[debug] [2025-12-05T01:00:55.144Z] [unzip] Entry: client/assets/provider-icons/auth_service_github.svg (compressed_size=466 bytes, uncompressed_size=838 bytes)
[debug] [2025-12-05T01:00:55.144Z] [unzip] Processing entry: client/assets/provider-icons/auth_service_github.svg
[debug] [2025-12-05T01:00:55.144Z] [unzip] else mkdir: /home/arinze/.cache/firebase/emulators/ui-v1.15.0/client/assets/provider-icons
[debug] [2025-12-05T01:00:55.144Z] [unzip] deflating: /home/arinze/.cache/firebase/emulators/ui-v1.15.0/client/assets/provider-icons/auth_service_github.svg
[debug] [2025-12-05T01:00:55.144Z] [unzip] Entry: client/assets/provider-icons/auth_service_mslive.svg (compressed_size=203 bytes, uncompressed_size=378 bytes)
[debug] [2025-12-05T01:00:55.145Z] [unzip] Processing entry: client/assets/provider-icons/auth_service_mslive.svg
[debug] [2025-12-05T01:00:55.145Z] [unzip] else mkdir: /home/arinze/.cache/firebase/emulators/ui-v1.15.0/client/assets/provider-icons
[debug] [2025-12-05T01:00:55.145Z] [unzip] deflating: /home/arinze/.cache/firebase/emulators/ui-v1.15.0/client/assets/provider-icons/auth_service_mslive.svg
[debug] [2025-12-05T01:00:55.145Z] [unzip] Entry: client/assets/provider-icons/auth_service_yahoo.svg (compressed_size=577 bytes, uncompressed_size=1182 bytes)
[debug] [2025-12-05T01:00:55.145Z] [unzip] Processing entry: client/assets/provider-icons/auth_service_yahoo.svg
[debug] [2025-12-05T01:00:55.145Z] [unzip] else mkdir: /home/arinze/.cache/firebase/emulators/ui-v1.15.0/client/assets/provider-icons
[debug] [2025-12-05T01:00:55.146Z] [unzip] deflating: /home/arinze/.cache/firebase/emulators/ui-v1.15.0/client/assets/provider-icons/auth_service_yahoo.svg
[debug] [2025-12-05T01:00:55.146Z] [unzip] Entry: client/assets/provider-icons/auth_service_twitter.svg (compressed_size=444 bytes, uncompressed_size=751 bytes)
[debug] [2025-12-05T01:00:55.146Z] [unzip] Processing entry: client/assets/provider-icons/auth_service_twitter.svg
[debug] [2025-12-05T01:00:55.146Z] [unzip] else mkdir: /home/arinze/.cache/firebase/emulators/ui-v1.15.0/client/assets/provider-icons
[debug] [2025-12-05T01:00:55.147Z] [unzip] deflating: /home/arinze/.cache/firebase/emulators/ui-v1.15.0/client/assets/provider-icons/auth_service_twitter.svg
[debug] [2025-12-05T01:00:55.147Z] [unzip] Entry: client/assets/provider-icons/auth_service_play_games.svg (compressed_size=565 bytes, uncompressed_size=1173 bytes)
[debug] [2025-12-05T01:00:55.147Z] [unzip] Processing entry: client/assets/provider-icons/auth_service_play_games.svg
[debug] [2025-12-05T01:00:55.147Z] [unzip] else mkdir: /home/arinze/.cache/firebase/emulators/ui-v1.15.0/client/assets/provider-icons
[debug] [2025-12-05T01:00:55.147Z] [unzip] deflating: /home/arinze/.cache/firebase/emulators/ui-v1.15.0/client/assets/provider-icons/auth_service_play_games.svg
[debug] [2025-12-05T01:00:55.148Z] [unzip] Entry: client/assets/provider-icons/auth_service_email.svg (compressed_size=228 bytes, uncompressed_size=326 bytes)
[debug] [2025-12-05T01:00:55.148Z] [unzip] Processing entry: client/assets/provider-icons/auth_service_email.svg
[debug] [2025-12-05T01:00:55.148Z] [unzip] else mkdir: /home/arinze/.cache/firebase/emulators/ui-v1.15.0/client/assets/provider-icons
[debug] [2025-12-05T01:00:55.148Z] [unzip] deflating: /home/arinze/.cache/firebase/emulators/ui-v1.15.0/client/assets/provider-icons/auth_service_email.svg
[debug] [2025-12-05T01:00:55.148Z] [unzip] Entry: client/assets/provider-icons/auth_service_google.svg (compressed_size=409 bytes, uncompressed_size=720 bytes)
[debug] [2025-12-05T01:00:55.149Z] [unzip] Processing entry: client/assets/provider-icons/auth_service_google.svg
[debug] [2025-12-05T01:00:55.149Z] [unzip] else mkdir: /home/arinze/.cache/firebase/emulators/ui-v1.15.0/client/assets/provider-icons
[debug] [2025-12-05T01:00:55.149Z] [unzip] deflating: /home/arinze/.cache/firebase/emulators/ui-v1.15.0/client/assets/provider-icons/auth_service_google.svg
[debug] [2025-12-05T01:00:55.149Z] [unzip] Entry: client/assets/provider-icons/auth_service_oidc.svg (compressed_size=414 bytes, uncompressed_size=858 bytes)
[debug] [2025-12-05T01:00:55.149Z] [unzip] Processing entry: client/assets/provider-icons/auth_service_oidc.svg
[debug] [2025-12-05T01:00:55.149Z] [unzip] else mkdir: /home/arinze/.cache/firebase/emulators/ui-v1.15.0/client/assets/provider-icons
[debug] [2025-12-05T01:00:55.150Z] [unzip] deflating: /home/arinze/.cache/firebase/emulators/ui-v1.15.0/client/assets/provider-icons/auth_service_oidc.svg
[debug] [2025-12-05T01:00:55.150Z] [unzip] Entry: client/browserconfig.xml (compressed_size=491 bytes, uncompressed_size=822 bytes)
[debug] [2025-12-05T01:00:55.150Z] [unzip] Processing entry: client/browserconfig.xml
[debug] [2025-12-05T01:00:55.150Z] [unzip] else mkdir: /home/arinze/.cache/firebase/emulators/ui-v1.15.0/client
[debug] [2025-12-05T01:00:55.150Z] [unzip] deflating: /home/arinze/.cache/firebase/emulators/ui-v1.15.0/client/browserconfig.xml
[debug] [2025-12-05T01:00:55.151Z] [unzip] Entry: client/favicon-32x32.png (compressed_size=475 bytes, uncompressed_size=475 bytes)
[debug] [2025-12-05T01:00:55.151Z] [unzip] Processing entry: client/favicon-32x32.png
[debug] [2025-12-05T01:00:55.151Z] [unzip] else mkdir: /home/arinze/.cache/firebase/emulators/ui-v1.15.0/client
[debug] [2025-12-05T01:00:55.151Z] [unzip] Writing file: /home/arinze/.cache/firebase/emulators/ui-v1.15.0/client/favicon-32x32.png
[debug] [2025-12-05T01:00:55.151Z] [unzip] Entry: server/ (compressed_size=0 bytes, uncompressed_size=0 bytes)
[debug] [2025-12-05T01:00:55.151Z] [unzip] Processing entry: server/
[debug] [2025-12-05T01:00:55.151Z] [unzip] mkdir: /home/arinze/.cache/firebase/emulators/ui-v1.15.0/server/
[debug] [2025-12-05T01:00:55.151Z] [unzip] Entry: server/server.mjs.map (compressed_size=217845 bytes, uncompressed_size=944978 bytes)
[debug] [2025-12-05T01:00:55.151Z] [unzip] Processing entry: server/server.mjs.map
[debug] [2025-12-05T01:00:55.151Z] [unzip] else mkdir: /home/arinze/.cache/firebase/emulators/ui-v1.15.0/server
[debug] [2025-12-05T01:00:55.152Z] [unzip] deflating: /home/arinze/.cache/firebase/emulators/ui-v1.15.0/server/server.mjs.map
[debug] [2025-12-05T01:00:55.156Z] [unzip] Entry: server/server.mjs (compressed_size=276407 bytes, uncompressed_size=933701 bytes)
[debug] [2025-12-05T01:00:55.156Z] [unzip] Processing entry: server/server.mjs
[debug] [2025-12-05T01:00:55.156Z] [unzip] else mkdir: /home/arinze/.cache/firebase/emulators/ui-v1.15.0/server
[debug] [2025-12-05T01:00:55.157Z] [unzip] deflating: /home/arinze/.cache/firebase/emulators/ui-v1.15.0/server/server.mjs
[info] i  functions: Watching "/home/arinze/Desktop/Programming/Works/ishelter/functions" for Cloud Functions... {"metadata":{"emulator":{"name":"functions"},"message":"Watching \"/home/arinze/Desktop/Programming/Works/ishelter/functions\" for Cloud Functions..."}}
[debug] [2025-12-05T01:00:55.174Z] Validating nodejs source
[debug] [2025-12-05T01:00:56.308Z] > [functions] package.json contents: {
  "name": "functions",
  "description": "Cloud Functions for Firebase",
  "scripts": {
    "serve": "firebase emulators:start --only functions",
    "shell": "firebase functions:shell",
    "start": "npm run shell",
    "deploy": "firebase deploy --only functions",
    "logs": "firebase functions:log"
  },
  "engines": {
    "node": "20"
  },
  "main": "src/index.js",
  "dependencies": {
    "firebase-admin": "^13.6.0",
    "firebase-functions": "^7.0.1",
    "node-fetch": "^3.3.2"
  },
  "devDependencies": {
    "firebase-functions-test": "^3.4.1"
  },
  "private": true
}
[debug] [2025-12-05T01:00:56.308Z] Building nodejs source
[debug] [2025-12-05T01:00:56.309Z] Failed to find version of module node: reached end of search path /home/arinze/Desktop/Programming/Works/ishelter/functions/node_modules
[warn] ⚠  functions: Your requested "node" version "20" doesn't match your global version "24". Using node@24 from host. 
[info] i  functions: Loaded environment variables from .env. 
[debug] [2025-12-05T01:00:56.311Z] Could not find functions.yaml. Must use http discovery
[debug] [2025-12-05T01:00:56.314Z] Found firebase-functions binary at '/home/arinze/Desktop/Programming/Works/ishelter/functions/node_modules/.bin/firebase-functions'
[info] Serving at port 8945

[debug] [2025-12-05T01:00:56.643Z] Got response from /__/functions.yaml {"endpoints":{},"specVersion":"v1alpha1","requiredAPIs":[],"extensions":{}}
[info] ✔  functions: Loaded functions definitions from source: . {"metadata":{"emulator":{"name":"functions"},"message":"Loaded functions definitions from source: ."}}
[debug] [2025-12-05T01:01:00.704Z] Could not find VSCode notification endpoint: FetchError: request to http://localhost:40001/vscode/notify failed, reason: connect ECONNREFUSED 127.0.0.1:40001. If you are not running the Firebase Data Connect VSCode extension, this is expected and not an issue.
[info] 
┌─────────────────────────────────────────────────────────────┐
│ ✔  All emulators ready! It is now safe to connect your app. │
│ i  View Emulator UI at http://127.0.0.1:4000/               │
└─────────────────────────────────────────────────────────────┘

┌───────────┬────────────────┬─────────────────────────────────┐
│ Emulator  │ Host:Port      │ View in Emulator UI             │
├───────────┼────────────────┼─────────────────────────────────┤
│ Functions │ 127.0.0.1:5001 │ http://127.0.0.1:4000/functions │
└───────────┴────────────────┴─────────────────────────────────┘
  Emulator Hub host: 127.0.0.1 port: 4400
  Other reserved ports: 4500

Issues? Report them at https://github.com/firebase/firebase-tools/issues and attach the *-debug.log files.
 
